<?xml version="1.0" encoding="UTF-8"?>
<!-- Generated by org.testng.reporters.JUnitReportReporter -->
<testsuite hostname="DESKTOP-R30VEC5" failures="0" tests="2" name="test.TestNG" time="0.022" errors="0" timestamp="2024-06-26T23:00:16 IST" skipped="0">
  <testcase classname="test.TestNG" name="Demo" time="0.016"/>
  <testcase classname="test.TestNG" name="Test1" time="0.006"/>
</testsuite> <!-- test.TestNG -->
