<?xml version="1.0" encoding="UTF-8"?>
<!-- Generated by org.testng.reporters.JUnitReportReporter -->
<testsuite hostname="DESKTOP-R30VEC5" failures="0" tests="3" name="test.TestNG" time="0.018" errors="0" timestamp="2024-07-30T22:08:43 IST" skipped="0">
  <testcase classname="test.TestNG" name="Demo" time="0.014"/>
  <testcase classname="test.TestNG" name="Test1" time="0.002"/>
  <testcase classname="test.TestNG" name="display" time="0.002"/>
</testsuite> <!-- test.TestNG -->
