<?xml version="1.0" encoding="UTF-8"?>
<!-- Generated by org.testng.reporters.JUnitReportReporter -->
<testsuite hostname="DESKTOP-R30VEC5" failures="0" tests="1" name="test.Testng2" time="0.003" errors="0" timestamp="2024-07-30T22:06:15 IST" skipped="0">
  <testcase classname="test.Testng2" name="eat" time="0.003"/>
</testsuite> <!-- test.Testng2 -->
